<?xml version="1.0" encoding="UTF-8"?>
<testsuite name="ScrabbleTest" tests="8" skipped="0" failures="0" errors="0" timestamp="2017-08-03T16:44:33" hostname="collins-Lenovo-Flex-2-14" time="0.005">
  <properties/>
  <testcase name="calculateScore_returnScoreForSingleLetter_1" classname="ScrabbleTest" time="0.001"/>
  <testcase name="calculateScore_returnScoreForSingleLetter_3" classname="ScrabbleTest" time="0.0"/>
  <testcase name="calculateScore_returnScoreForSingleLetter_4" classname="ScrabbleTest" time="0.0"/>
  <testcase name="calculateScore_returnScoreForSingleLetter_5" classname="ScrabbleTest" time="0.0"/>
  <testcase name="calculateScore_returnScoreForSingleLetter_8" classname="ScrabbleTest" time="0.001"/>
  <testcase name="calculateScore_returnScoreForSingleLetterInArray_1" classname="ScrabbleTest" time="0.0"/>
  <testcase name="calculateScore_returnScoreForSingleLetter2_2" classname="ScrabbleTest" time="0.0"/>
  <testcase name="calculateScore_returnScoreForSingleLetter_10" classname="ScrabbleTest" time="0.0"/>
  <system-out><![CDATA[]]></system-out>
  <system-err><![CDATA[]]></system-err>
</testsuite>
